2024-08-28 20:18:13,936 INFO: 
                ____                _       _____  ____
               / __ ) ____ _ _____ (_)_____/ ___/ / __ \
              / __  |/ __ `// ___// // ___/\__ \ / /_/ /
             / /_/ // /_/ /(__  )/ // /__ ___/ // _, _/
            /_____/ \__,_//____//_/ \___//____//_/ |_|
     ______                   __   __                 __      __
    / ____/____   ____   ____/ /  / /   __  __ _____ / /__   / /
   / / __ / __ \ / __ \ / __  /  / /   / / / // ___// //_/  / /
  / /_/ // /_/ // /_/ // /_/ /  / /___/ /_/ // /__ / /<    /_/
  \____/ \____/ \____/ \____/  /_____/\____/ \___//_/|_|  (_)
    
Version Information: 
	BasicSR: 1.3.4.8
	PyTorch: 2.0.0+cu118
	TorchVision: 0.15.1+cu118
2024-08-28 20:18:13,936 INFO: 
  name: 1104_DF2K_x2
  model_type: SRModel
  scale: 2
  num_gpu: 1
  manual_seed: 10
  datasets:[
    train:[
      name: 1104_DF2K
      type: PairedImageDataset
      dataroot_gt: datasets/DF2K/DF2K_HR_sub
      dataroot_lq: datasets/DF2K/DF2K_LRX2_sub
      io_backend:[
        type: disk
      ]
      gt_size: 192
      use_hflip: True
      use_rot: True
      use_shuffle: True
      num_worker_per_gpu: 8
      batch_size_per_gpu: 64
      dataset_enlarge_ratio: 100
      prefetch_mode: None
      phase: train
      scale: 2
    ]
    val_1:[
      name: set5
      type: PairedImageDataset
      dataroot_gt: datasets/Set5/GTmod12
      dataroot_lq: datasets/Set5/LRbicx2
      io_backend:[
        type: disk
      ]
      phase: val
      scale: 2
    ]
    val_2:[
      name: set14
      type: PairedImageDataset
      dataroot_gt: datasets/Set14/HR
      dataroot_lq: datasets/Set14/X2
      io_backend:[
        type: disk
      ]
      phase: val
      scale: 2
    ]
    val_3:[
      name: B100
      type: PairedImageDataset
      dataroot_gt: datasets/BSDS100/HR
      dataroot_lq: datasets/BSDS100/X2
      io_backend:[
        type: disk
      ]
      phase: val
      scale: 2
    ]
    val_4:[
      name: Urban100
      type: PairedImageDataset
      dataroot_gt: datasets/Urban100/HR
      dataroot_lq: datasets/Urban100/X2
      io_backend:[
        type: disk
      ]
      phase: val
      scale: 2
    ]
    val_5:[
      name: Manga109
      type: PairedImageDataset
      dataroot_gt: datasets/Manga109/HR
      dataroot_lq: datasets/Manga109/X2
      io_backend:[
        type: disk
      ]
      phase: val
      scale: 2
    ]
  ]
  network_g:[
    type: sh7vanmul
    n_feats: 64
    kernel_size: 7
    n_blocks: 5
    mlp_ratio: 2
    upscaling_factor: 2
  ]
  path:[
    pretrain_network_g: /data1/zhuyifan/ShuffleMixer-main/experiments/1104_DF2K_x2/models/net_g_30000.pth
    strict_load_g: True
    resume_state: /data1/zhuyifan/ShuffleMixer-main/experiments/1104_DF2K_x2/training_states/30000.state
    experiments_root: /data1/zhuyifan/ShuffleMixer-main/experiments/1104_DF2K_x2
    models: /data1/zhuyifan/ShuffleMixer-main/experiments/1104_DF2K_x2/models
    training_states: /data1/zhuyifan/ShuffleMixer-main/experiments/1104_DF2K_x2/training_states
    log: /data1/zhuyifan/ShuffleMixer-main/experiments/1104_DF2K_x2
    visualization: /data1/zhuyifan/ShuffleMixer-main/experiments/1104_DF2K_x2/visualization
  ]
  train:[
    ema_decay: 0.999
    optim_g:[
      type: Adam
      lr: 0.0005
      weight_decay: 0
      betas: [0.9, 0.99]
    ]
    scheduler:[
      type: MultiStepLR
      milestones: [1000000]
      gamma: 1
    ]
    total_iter: 1000000
    warmup_iter: -1
    pixel_opt:[
      type: L1Loss
      loss_weight: 1.0
      reduction: mean
    ]
    freq_opt:[
      type: FFTLoss
      loss_weight: 0.1
      reduction: mean
    ]
  ]
  val:[
    val_freq: 5000.0
    save_img: True
    metrics:[
      psnr:[
        type: calculate_psnr
        crop_border: 2
        test_y_channel: True
      ]
      ssim:[
        type: calculate_ssim
        crop_border: 2
        test_y_channel: True
      ]
    ]
  ]
  logger:[
    print_freq: 100
    save_checkpoint_freq: 5000.0
    use_tb_logger: True
    wandb:[
      project: None
      resume_id: None
    ]
  ]
  dist_params:[
    backend: nccl
    port: 29500
  ]
  dist: False
  rank: 0
  world_size: 1
  auto_resume: False
  is_train: True
  root_path: /data1/zhuyifan/ShuffleMixer-main

